<?xml version="1.0" encoding="UTF-8"?>
<!-- Generated by org.testng.reporters.JUnitReportReporter -->
<testsuite skipped="0" hostname="Anishs-MBP" name="testng.Annotations" tests="2" failures="0" timestamp="16 Aug 2019 15:06:48 GMT" time="0.036" errors="0">
  <testcase name="OpenBrowser" time="0.001" classname="testng.Annotations"/>
  <testcase name="FlightBooking" time="0.035" classname="testng.Annotations"/>
</testsuite> <!-- testng.Annotations -->
